Wed Oct 08 2014 15:56:17 GMT-0700 (PDT):
{ [Error: Error: The host name shortly.greg.squared.azurewebsites.net is invalid.]
  stack: [Getter/Setter],
  __frame: 
   { name: 'createSite',
     line: 389,
     file: '/Users/student/.nvm/v0.10.26/lib/node_modules/azure-cli/lib/commands/asm/site._js',
     prev: 
      { name: '__4',
        line: 206,
        file: '/Users/student/.nvm/v0.10.26/lib/node_modules/azure-cli/lib/commands/asm/site._js',
        prev: undefined,
        active: false,
        offset: 50,
        col: 12 },
     active: false,
     offset: 20,
     col: 21 },
  rawStack: [Getter] }
Error: Error: The host name shortly.greg.squared.azurewebsites.net is invalid.
    at createSite__4 (/Users/student/.nvm/v0.10.26/lib/node_modules/azure-cli/lib/commands/asm/websites/websitesclient._js:312:34)
    at createSite (/Users/student/.nvm/v0.10.26/lib/node_modules/azure-cli/lib/commands/asm/site._js:409:21)
    at __4 (/Users/student/.nvm/v0.10.26/lib/node_modules/azure-cli/lib/commands/asm/site._js:256:12)

